<?xml version="1.0" encoding="UTF-8"?>
<testsuite xmlns:xsi="http://www.w3.org/2001/XMLSchema-instance" xsi:noNamespaceSchemaLocation="https://maven.apache.org/surefire/maven-surefire-plugin/xsd/surefire-test-report.xsd" version="3.0.2" name="com.example.architectureplatform.ArchitectureplatformApplicationTests" time="13.525" tests="1" errors="0" skipped="0" failures="0">
  <properties>
[...]
</properties>
  <testcase name="contextLoads" classname="com.example.architectureplatform.ArchitectureplatformApplicationTests" time="0.626">
    <system-out><![CDATA[13:42:05.560 [main] INFO org.springframework.test.context.support.AnnotationConfigContextLoaderUtils -- Could not detect default configuration classes for test class [com.example.architectureplatform.ArchitectureplatformApplicationTests]: ArchitectureplatformApplicationTests does not declare any static, non-private, non-final, nested classes annotated with @Configuration.
13:42:05.878 [main] INFO org.springframework.boot.test.context.SpringBootTestContextBootstrapper -- Found @SpringBootConfiguration com.example.architectureplatform.ArchitectureplatformApplication for test class com.example.architectureplatform.ArchitectureplatformApplicationTests

  .   ____          _            __ _ _
 /\\ / ___'_ __ _ _(_)_ __  __ _ \ \ \ \
( ( )\___ | '_ | '_| | '_ \/ _` | \ \ \ \
 \\/  ___)| |_)| | | | | || (_| |  ) ) ) )
  '  |____| .__|_| |_|_| |_\__, | / / / /
 =========|_|==============|___/=/_/_/_/

 :: Spring Boot ::                (v4.0.3)

2026-04-05T13:42:06.650-07:00  INFO 12712 --- [architectureplatform] [           main] e.a.ArchitectureplatformApplicationTests : Starting ArchitectureplatformApplicationTests using Java 25.0.1 with PID 12712 (started by nguye in C:\Users\nguye\Desktop\Enterprise Architecture Firm Management Platform)
2026-04-05T13:42:06.654-07:00  INFO 12712 --- [architectureplatform] [           main] e.a.ArchitectureplatformApplicationTests : The following 1 profile is active: "dev"
2026-04-05T13:42:08.645-07:00  INFO 12712 --- [architectureplatform] [           main] .s.d.r.c.RepositoryConfigurationDelegate : Bootstrapping Spring Data JPA repositories in DEFAULT mode.
2026-04-05T13:42:08.893-07:00  INFO 12712 --- [architectureplatform] [           main] .s.d.r.c.RepositoryConfigurationDelegate : Finished Spring Data repository scanning in 235 ms. Found 18 JPA repository interfaces.
2026-04-05T13:42:09.994-07:00  INFO 12712 --- [architectureplatform] [           main] org.hibernate.orm.jpa                    : HHH008540: Processing PersistenceUnitInfo [name: default]
2026-04-05T13:42:10.088-07:00  INFO 12712 --- [architectureplatform] [           main] org.hibernate.orm.core                   : HHH000001: Hibernate ORM core version 7.2.4.Final
2026-04-05T13:42:11.020-07:00  INFO 12712 --- [architectureplatform] [           main] o.s.o.j.p.SpringPersistenceUnitInfo      : No LoadTimeWeaver setup: ignoring JPA class transformer
2026-04-05T13:42:11.082-07:00  INFO 12712 --- [architectureplatform] [           main] com.zaxxer.hikari.HikariDataSource       : HikariPool-1 - Starting...
2026-04-05T13:42:11.412-07:00  INFO 12712 --- [architectureplatform] [           main] com.zaxxer.hikari.pool.HikariPool        : HikariPool-1 - Added connection org.postgresql.jdbc.PgConnection@7cddc50f
2026-04-05T13:42:11.414-07:00  INFO 12712 --- [architectureplatform] [           main] com.zaxxer.hikari.HikariDataSource       : HikariPool-1 - Start completed.
2026-04-05T13:42:11.536-07:00  INFO 12712 --- [architectureplatform] [           main] org.hibernate.orm.connections.pooling    : HHH10001005: Database info:
	Database JDBC URL [jdbc:postgresql://localhost:5432/architecture_platform]
	Database driver: PostgreSQL JDBC Driver
	Database dialect: PostgreSQLDialect
	Database version: 17.9
	Default catalog/schema: architecture_platform/public
	Autocommit mode: undefined/unknown
	Isolation level: READ_COMMITTED [default READ_COMMITTED]
	JDBC fetch size: none
	Pool: DataSourceConnectionProvider
	Minimum pool size: undefined/unknown
	Maximum pool size: undefined/unknown
2026-04-05T13:42:13.775-07:00  INFO 12712 --- [architectureplatform] [           main] org.hibernate.orm.core                   : HHH000489: No JTA platform available (set 'hibernate.transaction.jta.platform' to enable JTA platform integration)
2026-04-05T13:42:13.901-07:00  INFO 12712 --- [architectureplatform] [           main] j.LocalContainerEntityManagerFactoryBean : Initialized JPA EntityManagerFactory for persistence unit 'default'
2026-04-05T13:42:14.051-07:00  INFO 12712 --- [architectureplatform] [           main] o.s.d.j.r.query.QueryEnhancerFactories   : Hibernate is in classpath; If applicable, HQL parser will be used.
2026-04-05T13:42:14.490-07:00  INFO 12712 --- [architectureplatform] [           main] r$InitializeUserDetailsManagerConfigurer : Global AuthenticationManager configured with UserDetailsService bean with name customUserDetailsService
2026-04-05T13:42:16.016-07:00 DEBUG 12712 --- [architectureplatform] [           main] o.s.s.web.DefaultSecurityFilterChain     : Will secure any request with filters: DisableEncodeUrlFilter, WebAsyncManagerIntegrationFilter, SecurityContextHolderFilter, HeaderWriterFilter, CorsFilter, LogoutFilter, BasicAuthenticationFilter, RequestCacheAwareFilter, SecurityContextHolderAwareRequestFilter, AnonymousAuthenticationFilter, ExceptionTranslationFilter, AuthorizationFilter
2026-04-05T13:42:17.243-07:00  INFO 12712 --- [architectureplatform] [           main] o.s.b.a.e.web.EndpointLinksResolver      : Exposing 1 endpoint beneath base path '/actuator'
2026-04-05T13:42:17.355-07:00  INFO 12712 --- [architectureplatform] [           main] e.a.ArchitectureplatformApplicationTests : Started ArchitectureplatformApplicationTests in 11.218 seconds (process running for 13.226)
Hibernate: 
    select
        u1_0.id 
    from
        users u1_0 
    where
        u1_0.email=? 
    fetch
        first ? rows only
2026-04-05T13:42:18.071-07:00  WARN 12712 --- [architectureplatform] [           main] o.s.core.events.SpringDocAppInitializer  : SpringDoc /api-docs endpoint is enabled by default. To disable it in production, set the property 'springdoc.api-docs.enabled=false'
2026-04-05T13:42:18.072-07:00  WARN 12712 --- [architectureplatform] [           main] o.s.core.events.SpringDocAppInitializer  : SpringDoc /swagger-ui.html endpoint is enabled by default. To disable it in production, set the property 'springdoc.swagger-ui.enabled=false'
]]></system-out>
    <system-err><![CDATA[Mockito is currently self-attaching to enable the inline-mock-maker. This will no longer work in future releases of the JDK. Please add Mockito as an agent to your build as described in Mockito's documentation: https://javadoc.io/doc/org.mockito/mockito-core/latest/org.mockito/org/mockito/Mockito.html#0.3
WARNING: A Java agent has been loaded dynamically (C:\Users\nguye\.m2\repository\net\bytebuddy\byte-buddy-agent\1.17.8\byte-buddy-agent-1.17.8.jar)
WARNING: If a serviceability tool is in use, please run with -XX:+EnableDynamicAgentLoading to hide this warning
WARNING: If a serviceability tool is not in use, please run with -Djdk.instrument.traceUsage for more information
WARNING: Dynamic loading of agents will be disallowed by default in a future release
]]></system-err>
  </testcase>
</testsuite>